
        ==========     _____ _    _ ____  _____  ______          _____  
        =====         / ____| |  | |  _ \|  __ \|  ____|   /\   |  __ \ 
          =====      | (___ | |  | | |_) | |__) | |__     /  \  | |  | |
            ====      \___ \| |  | |  _ <|  _  /|  __|   / /\ \ | |  | |
              ====    ____) | |__| | |_) | | \ \| |____ / ____ \| |__| |
        ==========   |_____/ \____/|____/|_|  \_\______/_/    \_\_____/
	v1.4.6-p3

//========================== featureCounts setting ===========================\\
||                                                                            ||
||             Input files : 1 BAM file                                       ||
||                           P ../01__mESC/03__alignments/mESC_rep1/accep ... ||
||                                                                            ||
||             Output file : ../01__mESC/04__featurecounts/mESC_rep1.coun ... ||
||             Annotations : /n/rinn_data2/users/kaia/annotation/mouse/ge ... ||
||                                                                            ||
||                 Threads : 8                                                ||
||                   Level : meta-feature level                               ||
||              Paired-end : no                                               ||
||         Strand specific : no                                               ||
||      Multimapping reads : not counted                                      ||
|| Multi-overlapping reads : not counted                                      ||
||                                                                            ||
\\===================== http://subread.sourceforge.net/ ======================//

//================================= Running ==================================\\
||                                                                            ||
|| Load annotation file /n/rinn_data2/users/kaia/annotation/mouse/gencode ... ||
||    Features : 756436                                                       ||
||    Meta-features : 50600                                                   ||
||    Chromosomes : 22                                                        ||
||                                                                            ||
|| Process BAM file ../01__mESC/03__alignments/mESC_rep1/accepted_hits.ba ... ||
||    Paired-end reads are included.                                          ||
||    Assign reads to features...                                             ||
||    Total reads : 105045851                                                 ||
||    Successfully assigned reads : 52908915 (50.4%)                          ||
||    Running time : 2.27 minutes                                             ||
||                                                                            ||
||                         Read assignment finished.                          ||
||                                                                            ||
\\===================== http://subread.sourceforge.net/ ======================//

