
        ==========     _____ _    _ ____  _____  ______          _____  
        =====         / ____| |  | |  _ \|  __ \|  ____|   /\   |  __ \ 
          =====      | (___ | |  | | |_) | |__) | |__     /  \  | |  | |
            ====      \___ \| |  | |  _ <|  _  /|  __|   / /\ \ | |  | |
              ====    ____) | |__| | |_) | | \ \| |____ / ____ \| |__| |
        ==========   |_____/ \____/|____/|_|  \_\______/_/    \_\_____/
	v1.4.6-p3

//========================== featureCounts setting ===========================\\
||                                                                            ||
||             Input files : 1 BAM file                                       ||
||                           P ../00__HUES64/03__alignments/hESC_rep1/acc ... ||
||                                                                            ||
||             Output file : ../00__HUES64/04__featurecounts/hESC_rep1.co ... ||
||             Annotations : /n/rinn_data2/users/kaia/annotation/human/ge ... ||
||                                                                            ||
||                 Threads : 8                                                ||
||                   Level : meta-feature level                               ||
||              Paired-end : no                                               ||
||         Strand specific : no                                               ||
||      Multimapping reads : not counted                                      ||
|| Multi-overlapping reads : not counted                                      ||
||                                                                            ||
\\===================== http://subread.sourceforge.net/ ======================//

//================================= Running ==================================\\
||                                                                            ||
|| Load annotation file /n/rinn_data2/users/kaia/annotation/human/gencode ... ||
||    Features : 1185569                                                      ||
||    Meta-features : 60252                                                   ||
||    Chromosomes : 36                                                        ||
||                                                                            ||
|| Process BAM file ../00__HUES64/03__alignments/hESC_rep1/accepted_hits. ... ||
||    Paired-end reads are included.                                          ||
||    Assign reads to features...                                             ||
||    Total reads : 294940828                                                 ||
||    Successfully assigned reads : 60031694 (20.4%)                          ||
||    Running time : 11.68 minutes                                            ||
||                                                                            ||
||                         Read assignment finished.                          ||
||                                                                            ||
\\===================== http://subread.sourceforge.net/ ======================//

